<?xml version="1.0" encoding="UTF-8"?>
<!-- Generated by org.testng.reporters.JUnitReportReporter -->
<testsuite skipped="0" hostname="AT-R12" name="kiran.goud" tests="1" failures="0" timestamp="23 May 2018 06:14:59 GMT" time="12.343" errors="0">
  <testcase name="face" time="12.343" classname="kiran.goud"/>
</testsuite> <!-- kiran.goud -->
