<?xml version="1.0" encoding="UTF-8"?>
<!-- Generated by org.testng.reporters.JUnitReportReporter -->
<testsuite hostname="AT-R12" name="kiran.fb" tests="1" failures="0" timestamp="22 May 2018 06:50:45 GMT" time="19.008" errors="0">
  <testcase name="faceb" time="19.008" classname="kiran.fb"/>
</testsuite> <!-- kiran.fb -->
